
=== Thu Sep 23 20:13:39 2021

Packages were changed.
Update Mode: updateDependencies

The following packages were added:
  com.unity.ide.visualstudio@2.0.9
The following packages were updated:
  com.unity.ads from version 2.0.8 to 3.7.1
  com.unity.analytics from version 3.3.2 to 3.5.3
  com.unity.collab-proxy from version 1.2.16 to 1.5.7
  com.unity.ext.nunit from version 1.0.0 to 1.0.6
  com.unity.ide.rider from version 1.1.0 to 3.0.7
  com.unity.ide.vscode from version 1.1.3 to 1.2.3
  com.unity.purchasing from version 2.0.6 to 3.2.2
  com.unity.test-framework from version 1.0.13 to 1.1.27
  com.unity.textmeshpro from version 2.0.1 to 3.0.6
  com.unity.timeline from version 1.1.0 to 1.5.5
  com.unity.xr.legacyinputhelpers from version 2.0.2 to 2.1.7
The following packages were removed:
  com.unity.package-manager-ui@2.2.0

=== Thu Mar 24 20:49:48 2022

Packages were changed.
Update Mode: updateDependencies

The following packages were updated:
  com.unity.ads from version 3.7.1 to 3.7.5
  com.unity.analytics from version 3.5.3 to 3.6.12
  com.unity.collab-proxy from version 1.5.7 to 1.15.12
  com.unity.ide.rider from version 3.0.7 to 3.0.12
  com.unity.ide.visualstudio from version 2.0.9 to 2.0.14
  com.unity.ide.vscode from version 1.2.3 to 1.2.5
  com.unity.purchasing from version 3.2.2 to 4.1.3
  com.unity.test-framework from version 1.1.27 to 1.1.29
  com.unity.timeline from version 1.5.5 to 1.6.4
  com.unity.xr.legacyinputhelpers from version 2.1.7 to 2.1.8
